Configuring for:
PHP Api Version:         20100412
Zend Module Api No:      20100525
Zend Extension Api No:   220100525
checking for grep that handles long lines and -e... /bin/grep
checking for egrep... /bin/grep -E
checking for a sed that does not truncate output... /bin/sed
checking for cc... cc
checking whether the C compiler works... yes
checking for C compiler default output file name... a.out
checking for suffix of executables... 
checking whether we are cross compiling... no
checking for suffix of object files... o
checking whether we are using the GNU C compiler... yes
checking whether cc accepts -g... yes
checking for cc option to accept ISO C89... none needed
checking how to run the C preprocessor... cc -E
checking for icc... no
checking for suncc... no
checking whether cc understands -c and -o together... yes
checking for system library directory... lib
checking if compiler supports -R... no
checking if compiler supports -Wl,-rpath,... yes
checking build system type... x86_64-unknown-linux-gnu
checking host system type... x86_64-unknown-linux-gnu
checking target system type... x86_64-unknown-linux-gnu
checking for PHP prefix... /usr
checking for PHP includes... -I/usr/include/php5 -I/usr/include/php5/main -I/usr/include/php5/TSRM -I/usr/include/php5/Zend -I/usr/include/php5/ext -I/usr/include/php5/ext/date/lib
checking for PHP extension directory... /usr/lib/php5/20100525
checking for PHP installed headers prefix... /usr/include/php5
checking if debug is enabled... no
checking if zts is enabled... no
checking for re2c... no
configure: WARNING: You will need re2c 0.13.4 or later if you want to regenerate PHP parsers.
checking for gawk... no
checking for nawk... nawk
checking if nawk is broken... no
checking whether to enable the Kafka extension... yes, shared
checking how to print strings... printf
checking for a sed that does not truncate output... (cached) /bin/sed
checking for fgrep... /bin/grep -F
checking for ld used by cc... /usr/bin/ld
checking if the linker (/usr/bin/ld) is GNU ld... yes
checking for BSD- or MS-compatible name lister (nm)... /usr/bin/nm -B
checking the name lister (/usr/bin/nm -B) interface... BSD nm
checking whether ln -s works... yes
checking the maximum length of command line arguments... 1572864
checking whether the shell understands some XSI constructs... yes
checking whether the shell understands "+="... yes
checking how to convert x86_64-unknown-linux-gnu file names to x86_64-unknown-linux-gnu format... func_convert_file_noop
checking how to convert x86_64-unknown-linux-gnu file names to toolchain format... func_convert_file_noop
checking for /usr/bin/ld option to reload object files... -r
checking for objdump... objdump
checking how to recognize dependent libraries... pass_all
checking for dlltool... no
checking how to associate runtime and link libraries... printf %s\n
checking for ar... ar
checking for archiver @FILE support... @
checking for strip... strip
checking for ranlib... ranlib
checking for gawk... (cached) nawk
checking command to parse /usr/bin/nm -B output from cc object... ok
checking for sysroot... no
checking for mt... mt
checking if mt is a manifest tool... no
checking for ANSI C header files... no
checking for sys/types.h... yes
checking for sys/stat.h... yes
checking for stdlib.h... yes
checking for string.h... yes
checking for memory.h... yes
checking for strings.h... yes
checking for inttypes.h... yes
checking for stdint.h... yes
checking for unistd.h... yes
checking for dlfcn.h... yes
checking for objdir... .libs
checking if cc supports -fno-rtti -fno-exceptions... no
checking for cc option to produce PIC... -fPIC -DPIC
checking if cc PIC flag -fPIC -DPIC works... yes
checking if cc static flag -static works... no
checking if cc supports -c -o file.o... yes
checking if cc supports -c -o file.o... (cached) yes
checking whether the cc linker (/usr/bin/ld -m elf_x86_64) supports shared libraries... yes
checking whether -lc should be explicitly linked in... no
checking dynamic linker characteristics... GNU/Linux ld.so
checking how to hardcode library paths into programs... immediate
checking whether stripping libraries is possible... yes
checking if libtool supports shared libraries... yes
checking whether to build shared libraries... yes
checking whether to build static libraries... no
configure: creating ./config.status
config.status: creating config.h
config.status: config.h is unchanged
config.status: executing libtool commands
find . -name \*.gcno -o -name \*.gcda | xargs rm -f
find . -name \*.lo -o -name \*.o | xargs rm -f
find . -name \*.la -o -name \*.a | xargs rm -f 
find . -name \*.so | xargs rm -f
find . -name .libs -a -type d|xargs rm -rf
find . -name \*.1 | xargs rm -f
rm -f libphp.la   modules/* libs/*
/bin/bash /home/vagrant/phpkafka/libtool --mode=compile cc  -I. -I/home/vagrant/phpkafka -DPHP_ATOM_INC -I/home/vagrant/phpkafka/include -I/home/vagrant/phpkafka/main -I/home/vagrant/phpkafka -I/usr/include/php5 -I/usr/include/php5/main -I/usr/include/php5/TSRM -I/usr/include/php5/Zend -I/usr/include/php5/ext -I/usr/include/php5/ext/date/lib  -DHAVE_CONFIG_H  -Wall -Wextra -Wdeclaration-after-statement -Wmissing-field-initializers -Wshadow -Wno-unused-parameter -ggdb3   -c /home/vagrant/phpkafka/php_kafka.c -o php_kafka.lo 
libtool: compile:  cc -I. -I/home/vagrant/phpkafka -DPHP_ATOM_INC -I/home/vagrant/phpkafka/include -I/home/vagrant/phpkafka/main -I/home/vagrant/phpkafka -I/usr/include/php5 -I/usr/include/php5/main -I/usr/include/php5/TSRM -I/usr/include/php5/Zend -I/usr/include/php5/ext -I/usr/include/php5/ext/date/lib -DHAVE_CONFIG_H -Wall -Wextra -Wdeclaration-after-statement -Wmissing-field-initializers -Wshadow -Wno-unused-parameter -ggdb3 -c /home/vagrant/phpkafka/php_kafka.c  -fPIC -DPIC -o .libs/php_kafka.o
In file included from /usr/include/php5/Zend/zend.h:271:0,
                 from /usr/include/php5/main/php.h:35,
                 from /home/vagrant/phpkafka/php_kafka.c:21:
/usr/include/php5/Zend/zend_hash.h: In function 'zend_symtable_update':
/usr/include/php5/Zend/zend_hash.h:329:28: warning: comparison between signed and unsigned integer expressions [-Wsign-compare]
    if ( (!negative) && idx <= (LONG_MAX-digit)/10 ) {    \
                            ^
/usr/include/php5/Zend/zend_hash.h:347:2: note: in expansion of macro 'ZEND_HANDLE_NUMERIC_EX'
  ZEND_HANDLE_NUMERIC_EX(key, length, idx, return func);     \
  ^
/usr/include/php5/Zend/zend_hash.h:352:2: note: in expansion of macro 'ZEND_HANDLE_NUMERIC'
  ZEND_HANDLE_NUMERIC(arKey, nKeyLength, zend_hash_index_update(ht, idx, pData, nDataSize, pDest));
  ^
/usr/include/php5/Zend/zend_hash.h:331:34: warning: comparison between signed and unsigned integer expressions [-Wsign-compare]
    } else if ( (negative) && idx >= (LONG_MIN+digit)/10 ) {  \
                                  ^
/usr/include/php5/Zend/zend_hash.h:347:2: note: in expansion of macro 'ZEND_HANDLE_NUMERIC_EX'
  ZEND_HANDLE_NUMERIC_EX(key, length, idx, return func);     \
  ^
/usr/include/php5/Zend/zend_hash.h:352:2: note: in expansion of macro 'ZEND_HANDLE_NUMERIC'
  ZEND_HANDLE_NUMERIC(arKey, nKeyLength, zend_hash_index_update(ht, idx, pData, nDataSize, pDest));
  ^
/usr/include/php5/Zend/zend_hash.h: In function 'zend_symtable_del':
/usr/include/php5/Zend/zend_hash.h:329:28: warning: comparison between signed and unsigned integer expressions [-Wsign-compare]
    if ( (!negative) && idx <= (LONG_MAX-digit)/10 ) {    \
                            ^
/usr/include/php5/Zend/zend_hash.h:347:2: note: in expansion of macro 'ZEND_HANDLE_NUMERIC_EX'
  ZEND_HANDLE_NUMERIC_EX(key, length, idx, return func);     \
  ^
/usr/include/php5/Zend/zend_hash.h:359:2: note: in expansion of macro 'ZEND_HANDLE_NUMERIC'
  ZEND_HANDLE_NUMERIC(arKey, nKeyLength, zend_hash_index_del(ht, idx));
  ^
/usr/include/php5/Zend/zend_hash.h:331:34: warning: comparison between signed and unsigned integer expressions [-Wsign-compare]
    } else if ( (negative) && idx >= (LONG_MIN+digit)/10 ) {  \
                                  ^
/usr/include/php5/Zend/zend_hash.h:347:2: note: in expansion of macro 'ZEND_HANDLE_NUMERIC_EX'
  ZEND_HANDLE_NUMERIC_EX(key, length, idx, return func);     \
  ^
/usr/include/php5/Zend/zend_hash.h:359:2: note: in expansion of macro 'ZEND_HANDLE_NUMERIC'
  ZEND_HANDLE_NUMERIC(arKey, nKeyLength, zend_hash_index_del(ht, idx));
  ^
/usr/include/php5/Zend/zend_hash.h: In function 'zend_symtable_find':
/usr/include/php5/Zend/zend_hash.h:329:28: warning: comparison between signed and unsigned integer expressions [-Wsign-compare]
    if ( (!negative) && idx <= (LONG_MAX-digit)/10 ) {    \
                            ^
/usr/include/php5/Zend/zend_hash.h:347:2: note: in expansion of macro 'ZEND_HANDLE_NUMERIC_EX'
  ZEND_HANDLE_NUMERIC_EX(key, length, idx, return func);     \
  ^
/usr/include/php5/Zend/zend_hash.h:366:2: note: in expansion of macro 'ZEND_HANDLE_NUMERIC'
  ZEND_HANDLE_NUMERIC(arKey, nKeyLength, zend_hash_index_find(ht, idx, pData));
  ^
/usr/include/php5/Zend/zend_hash.h:331:34: warning: comparison between signed and unsigned integer expressions [-Wsign-compare]
    } else if ( (negative) && idx >= (LONG_MIN+digit)/10 ) {  \
                                  ^
/usr/include/php5/Zend/zend_hash.h:347:2: note: in expansion of macro 'ZEND_HANDLE_NUMERIC_EX'
  ZEND_HANDLE_NUMERIC_EX(key, length, idx, return func);     \
  ^
/usr/include/php5/Zend/zend_hash.h:366:2: note: in expansion of macro 'ZEND_HANDLE_NUMERIC'
  ZEND_HANDLE_NUMERIC(arKey, nKeyLength, zend_hash_index_find(ht, idx, pData));
  ^
/usr/include/php5/Zend/zend_hash.h: In function 'zend_symtable_exists':
/usr/include/php5/Zend/zend_hash.h:329:28: warning: comparison between signed and unsigned integer expressions [-Wsign-compare]
    if ( (!negative) && idx <= (LONG_MAX-digit)/10 ) {    \
                            ^
/usr/include/php5/Zend/zend_hash.h:347:2: note: in expansion of macro 'ZEND_HANDLE_NUMERIC_EX'
  ZEND_HANDLE_NUMERIC_EX(key, length, idx, return func);     \
  ^
/usr/include/php5/Zend/zend_hash.h:373:2: note: in expansion of macro 'ZEND_HANDLE_NUMERIC'
  ZEND_HANDLE_NUMERIC(arKey, nKeyLength, zend_hash_index_exists(ht, idx));
  ^
/usr/include/php5/Zend/zend_hash.h:331:34: warning: comparison between signed and unsigned integer expressions [-Wsign-compare]
    } else if ( (negative) && idx >= (LONG_MIN+digit)/10 ) {  \
                                  ^
/usr/include/php5/Zend/zend_hash.h:347:2: note: in expansion of macro 'ZEND_HANDLE_NUMERIC_EX'
  ZEND_HANDLE_NUMERIC_EX(key, length, idx, return func);     \
  ^
/usr/include/php5/Zend/zend_hash.h:373:2: note: in expansion of macro 'ZEND_HANDLE_NUMERIC'
  ZEND_HANDLE_NUMERIC(arKey, nKeyLength, zend_hash_index_exists(ht, idx));
  ^
/usr/include/php5/Zend/zend_hash.h: In function 'zend_symtable_update_current_key_ex':
/usr/include/php5/Zend/zend_hash.h:329:28: warning: comparison between signed and unsigned integer expressions [-Wsign-compare]
    if ( (!negative) && idx <= (LONG_MAX-digit)/10 ) {    \
                            ^
/usr/include/php5/Zend/zend_hash.h:347:2: note: in expansion of macro 'ZEND_HANDLE_NUMERIC_EX'
  ZEND_HANDLE_NUMERIC_EX(key, length, idx, return func);     \
  ^
/usr/include/php5/Zend/zend_hash.h:379:2: note: in expansion of macro 'ZEND_HANDLE_NUMERIC'
  ZEND_HANDLE_NUMERIC(arKey, nKeyLength, zend_hash_update_current_key_ex(ht, HASH_KEY_IS_LONG, NULL, 0, idx, mode, pos));
  ^
/usr/include/php5/Zend/zend_hash.h:331:34: warning: comparison between signed and unsigned integer expressions [-Wsign-compare]
    } else if ( (negative) && idx >= (LONG_MIN+digit)/10 ) {  \
                                  ^
/usr/include/php5/Zend/zend_hash.h:347:2: note: in expansion of macro 'ZEND_HANDLE_NUMERIC_EX'
  ZEND_HANDLE_NUMERIC_EX(key, length, idx, return func);     \
  ^
/usr/include/php5/Zend/zend_hash.h:379:2: note: in expansion of macro 'ZEND_HANDLE_NUMERIC'
  ZEND_HANDLE_NUMERIC(arKey, nKeyLength, zend_hash_update_current_key_ex(ht, HASH_KEY_IS_LONG, NULL, 0, idx, mode, pos));
  ^
In file included from /home/vagrant/phpkafka/php_kafka.c:22:0:
./php_kafka.h: At top level:
./php_kafka.h:31:1: warning: multi-line comment [-Wcomment]
 // #define CREATE_MSG_HEADER(rid, rto, opcode) \
 ^
/home/vagrant/phpkafka/php_kafka.c:34:5: warning: missing initializer for field 'num_args' of 'zend_function_entry' [-Wmissing-field-initializers]
     {NULL,NULL,NULL} /* Marks the end of function entries */
     ^
In file included from /usr/include/php5/main/php.h:39:0,
                 from /home/vagrant/phpkafka/php_kafka.c:21:
/usr/include/php5/Zend/zend_API.h:39:12: note: 'num_args' declared here
  zend_uint num_args;
            ^
/home/vagrant/phpkafka/php_kafka.c: In function 'zim_Kafka_produce':
/home/vagrant/phpkafka/php_kafka.c:83:11: warning: unused variable 'object' [-Wunused-variable]
     zval *object = getThis();
           ^
/home/vagrant/phpkafka/php_kafka.c: In function 'zim_Kafka_consume':
/home/vagrant/phpkafka/php_kafka.c:114:5: warning: implicit declaration of function 'kafka_consume' [-Wimplicit-function-declaration]
     kafka_consume(topic, offset);
     ^
/home/vagrant/phpkafka/php_kafka.c:102:11: warning: unused variable 'object' [-Wunused-variable]
     zval *object = getThis();
           ^
/bin/bash /home/vagrant/phpkafka/libtool --mode=compile cc  -I. -I/home/vagrant/phpkafka -DPHP_ATOM_INC -I/home/vagrant/phpkafka/include -I/home/vagrant/phpkafka/main -I/home/vagrant/phpkafka -I/usr/include/php5 -I/usr/include/php5/main -I/usr/include/php5/TSRM -I/usr/include/php5/Zend -I/usr/include/php5/ext -I/usr/include/php5/ext/date/lib  -DHAVE_CONFIG_H  -Wall -Wextra -Wdeclaration-after-statement -Wmissing-field-initializers -Wshadow -Wno-unused-parameter -ggdb3   -c /home/vagrant/phpkafka/kafka.c -o kafka.lo 
libtool: compile:  cc -I. -I/home/vagrant/phpkafka -DPHP_ATOM_INC -I/home/vagrant/phpkafka/include -I/home/vagrant/phpkafka/main -I/home/vagrant/phpkafka -I/usr/include/php5 -I/usr/include/php5/main -I/usr/include/php5/TSRM -I/usr/include/php5/Zend -I/usr/include/php5/ext -I/usr/include/php5/ext/date/lib -DHAVE_CONFIG_H -Wall -Wextra -Wdeclaration-after-statement -Wmissing-field-initializers -Wshadow -Wno-unused-parameter -ggdb3 -c /home/vagrant/phpkafka/kafka.c  -fPIC -DPIC -o .libs/kafka.o
In file included from /usr/include/php5/Zend/zend.h:271:0,
                 from /usr/include/php5/main/php.h:35,
                 from /home/vagrant/phpkafka/kafka.c:16:
/usr/include/php5/Zend/zend_hash.h: In function 'zend_symtable_update':
/usr/include/php5/Zend/zend_hash.h:329:28: warning: comparison between signed and unsigned integer expressions [-Wsign-compare]
    if ( (!negative) && idx <= (LONG_MAX-digit)/10 ) {    \
                            ^
/usr/include/php5/Zend/zend_hash.h:347:2: note: in expansion of macro 'ZEND_HANDLE_NUMERIC_EX'
  ZEND_HANDLE_NUMERIC_EX(key, length, idx, return func);     \
  ^
/usr/include/php5/Zend/zend_hash.h:352:2: note: in expansion of macro 'ZEND_HANDLE_NUMERIC'
  ZEND_HANDLE_NUMERIC(arKey, nKeyLength, zend_hash_index_update(ht, idx, pData, nDataSize, pDest));
  ^
/usr/include/php5/Zend/zend_hash.h:331:34: warning: comparison between signed and unsigned integer expressions [-Wsign-compare]
    } else if ( (negative) && idx >= (LONG_MIN+digit)/10 ) {  \
                                  ^
/usr/include/php5/Zend/zend_hash.h:347:2: note: in expansion of macro 'ZEND_HANDLE_NUMERIC_EX'
  ZEND_HANDLE_NUMERIC_EX(key, length, idx, return func);     \
  ^
/usr/include/php5/Zend/zend_hash.h:352:2: note: in expansion of macro 'ZEND_HANDLE_NUMERIC'
  ZEND_HANDLE_NUMERIC(arKey, nKeyLength, zend_hash_index_update(ht, idx, pData, nDataSize, pDest));
  ^
/usr/include/php5/Zend/zend_hash.h: In function 'zend_symtable_del':
/usr/include/php5/Zend/zend_hash.h:329:28: warning: comparison between signed and unsigned integer expressions [-Wsign-compare]
    if ( (!negative) && idx <= (LONG_MAX-digit)/10 ) {    \
                            ^
/usr/include/php5/Zend/zend_hash.h:347:2: note: in expansion of macro 'ZEND_HANDLE_NUMERIC_EX'
  ZEND_HANDLE_NUMERIC_EX(key, length, idx, return func);     \
  ^
/usr/include/php5/Zend/zend_hash.h:359:2: note: in expansion of macro 'ZEND_HANDLE_NUMERIC'
  ZEND_HANDLE_NUMERIC(arKey, nKeyLength, zend_hash_index_del(ht, idx));
  ^
/usr/include/php5/Zend/zend_hash.h:331:34: warning: comparison between signed and unsigned integer expressions [-Wsign-compare]
    } else if ( (negative) && idx >= (LONG_MIN+digit)/10 ) {  \
                                  ^
/usr/include/php5/Zend/zend_hash.h:347:2: note: in expansion of macro 'ZEND_HANDLE_NUMERIC_EX'
  ZEND_HANDLE_NUMERIC_EX(key, length, idx, return func);     \
  ^
/usr/include/php5/Zend/zend_hash.h:359:2: note: in expansion of macro 'ZEND_HANDLE_NUMERIC'
  ZEND_HANDLE_NUMERIC(arKey, nKeyLength, zend_hash_index_del(ht, idx));
  ^
/usr/include/php5/Zend/zend_hash.h: In function 'zend_symtable_find':
/usr/include/php5/Zend/zend_hash.h:329:28: warning: comparison between signed and unsigned integer expressions [-Wsign-compare]
    if ( (!negative) && idx <= (LONG_MAX-digit)/10 ) {    \
                            ^
/usr/include/php5/Zend/zend_hash.h:347:2: note: in expansion of macro 'ZEND_HANDLE_NUMERIC_EX'
  ZEND_HANDLE_NUMERIC_EX(key, length, idx, return func);     \
  ^
/usr/include/php5/Zend/zend_hash.h:366:2: note: in expansion of macro 'ZEND_HANDLE_NUMERIC'
  ZEND_HANDLE_NUMERIC(arKey, nKeyLength, zend_hash_index_find(ht, idx, pData));
  ^
/usr/include/php5/Zend/zend_hash.h:331:34: warning: comparison between signed and unsigned integer expressions [-Wsign-compare]
    } else if ( (negative) && idx >= (LONG_MIN+digit)/10 ) {  \
                                  ^
/usr/include/php5/Zend/zend_hash.h:347:2: note: in expansion of macro 'ZEND_HANDLE_NUMERIC_EX'
  ZEND_HANDLE_NUMERIC_EX(key, length, idx, return func);     \
  ^
/usr/include/php5/Zend/zend_hash.h:366:2: note: in expansion of macro 'ZEND_HANDLE_NUMERIC'
  ZEND_HANDLE_NUMERIC(arKey, nKeyLength, zend_hash_index_find(ht, idx, pData));
  ^
/usr/include/php5/Zend/zend_hash.h: In function 'zend_symtable_exists':
/usr/include/php5/Zend/zend_hash.h:329:28: warning: comparison between signed and unsigned integer expressions [-Wsign-compare]
    if ( (!negative) && idx <= (LONG_MAX-digit)/10 ) {    \
                            ^
/usr/include/php5/Zend/zend_hash.h:347:2: note: in expansion of macro 'ZEND_HANDLE_NUMERIC_EX'
  ZEND_HANDLE_NUMERIC_EX(key, length, idx, return func);     \
  ^
/usr/include/php5/Zend/zend_hash.h:373:2: note: in expansion of macro 'ZEND_HANDLE_NUMERIC'
  ZEND_HANDLE_NUMERIC(arKey, nKeyLength, zend_hash_index_exists(ht, idx));
  ^
/usr/include/php5/Zend/zend_hash.h:331:34: warning: comparison between signed and unsigned integer expressions [-Wsign-compare]
    } else if ( (negative) && idx >= (LONG_MIN+digit)/10 ) {  \
                                  ^
/usr/include/php5/Zend/zend_hash.h:347:2: note: in expansion of macro 'ZEND_HANDLE_NUMERIC_EX'
  ZEND_HANDLE_NUMERIC_EX(key, length, idx, return func);     \
  ^
/usr/include/php5/Zend/zend_hash.h:373:2: note: in expansion of macro 'ZEND_HANDLE_NUMERIC'
  ZEND_HANDLE_NUMERIC(arKey, nKeyLength, zend_hash_index_exists(ht, idx));
  ^
/usr/include/php5/Zend/zend_hash.h: In function 'zend_symtable_update_current_key_ex':
/usr/include/php5/Zend/zend_hash.h:329:28: warning: comparison between signed and unsigned integer expressions [-Wsign-compare]
    if ( (!negative) && idx <= (LONG_MAX-digit)/10 ) {    \
                            ^
/usr/include/php5/Zend/zend_hash.h:347:2: note: in expansion of macro 'ZEND_HANDLE_NUMERIC_EX'
  ZEND_HANDLE_NUMERIC_EX(key, length, idx, return func);     \
  ^
/usr/include/php5/Zend/zend_hash.h:379:2: note: in expansion of macro 'ZEND_HANDLE_NUMERIC'
  ZEND_HANDLE_NUMERIC(arKey, nKeyLength, zend_hash_update_current_key_ex(ht, HASH_KEY_IS_LONG, NULL, 0, idx, mode, pos));
  ^
/usr/include/php5/Zend/zend_hash.h:331:34: warning: comparison between signed and unsigned integer expressions [-Wsign-compare]
    } else if ( (negative) && idx >= (LONG_MIN+digit)/10 ) {  \
                                  ^
/usr/include/php5/Zend/zend_hash.h:347:2: note: in expansion of macro 'ZEND_HANDLE_NUMERIC_EX'
  ZEND_HANDLE_NUMERIC_EX(key, length, idx, return func);     \
  ^
/usr/include/php5/Zend/zend_hash.h:379:2: note: in expansion of macro 'ZEND_HANDLE_NUMERIC'
  ZEND_HANDLE_NUMERIC(arKey, nKeyLength, zend_hash_update_current_key_ex(ht, HASH_KEY_IS_LONG, NULL, 0, idx, mode, pos));
  ^
In file included from /home/vagrant/phpkafka/kafka.c:18:0:
./php_kafka.h: At top level:
./php_kafka.h:31:1: warning: multi-line comment [-Wcomment]
 // #define CREATE_MSG_HEADER(rid, rto, opcode) \
 ^
/home/vagrant/phpkafka/kafka.c: In function 'kafka_connect':
/home/vagrant/phpkafka/kafka.c:39:26: warning: declaration of 'brokers' shadows a global declaration [-Wshadow]
 void kafka_connect(char *brokers)
                          ^
/home/vagrant/phpkafka/kafka.c:36:7: warning: shadowed declaration is here [-Wshadow]
 char *brokers = "localhost:9092";
       ^
/home/vagrant/phpkafka/kafka.c: In function 'kafka_err_cb':
/home/vagrant/phpkafka/kafka.c:51:32: warning: declaration of 'rk' shadows a global declaration [-Wshadow]
 void kafka_err_cb (rd_kafka_t *rk, int err, const char *reason, void *opaque) {
                                ^
/home/vagrant/phpkafka/kafka.c:34:20: warning: shadowed declaration is here [-Wshadow]
 static rd_kafka_t *rk;
                    ^
/home/vagrant/phpkafka/kafka.c: In function 'kafka_msg_delivered':
/home/vagrant/phpkafka/kafka.c:59:39: warning: declaration of 'rk' shadows a global declaration [-Wshadow]
 void kafka_msg_delivered (rd_kafka_t *rk,
                                       ^
/home/vagrant/phpkafka/kafka.c:34:20: warning: shadowed declaration is here [-Wshadow]
 static rd_kafka_t *rk;
                    ^
/home/vagrant/phpkafka/kafka.c: In function 'kafka_produce':
/home/vagrant/phpkafka/kafka.c:90:5: warning: ISO C90 forbids mixed declarations and code [-Wdeclaration-after-statement]
     rd_kafka_topic_t *rkt;
     ^
/home/vagrant/phpkafka/kafka.c: In function 'kafka_consume':
/home/vagrant/phpkafka/kafka.c:202:5: warning: ISO C90 forbids mixed declarations and code [-Wdeclaration-after-statement]
     rd_kafka_topic_t *rkt;
     ^
/home/vagrant/phpkafka/kafka.c:224:5: warning: ISO C90 forbids mixed declarations and code [-Wdeclaration-after-statement]
     rd_kafka_topic_conf_t *topic_conf;
     ^
In file included from /usr/include/php5/main/php.h:39:0,
                 from /home/vagrant/phpkafka/kafka.c:16:
/home/vagrant/phpkafka/kafka.c: At top level:
/usr/include/php5/Zend/zend_API.h:66:23: warning: 'zim_Kafka___construct' declared 'static' but never defined [-Wunused-function]
 #define ZEND_MN(name) zim_##name
                       ^
/usr/include/php5/Zend/zend_API.h:67:41: note: in definition of macro 'ZEND_NAMED_FUNCTION'
 #define ZEND_NAMED_FUNCTION(name)  void name(INTERNAL_FUNCTION_PARAMETERS)
                                         ^
/usr/include/php5/Zend/zend_API.h:69:58: note: in expansion of macro 'ZEND_MN'
 #define ZEND_METHOD(classname, name) ZEND_NAMED_FUNCTION(ZEND_MN(classname##_##name))
                                                          ^
/usr/include/php5/main/php.h:351:24: note: in expansion of macro 'ZEND_METHOD'
 #define PHP_METHOD     ZEND_METHOD
                        ^
./php_kafka.h:46:8: note: in expansion of macro 'PHP_METHOD'
 static PHP_METHOD(Kafka, __construct);
        ^
/usr/include/php5/Zend/zend_API.h:66:23: warning: 'zim_Kafka_produce' declared 'static' but never defined [-Wunused-function]
 #define ZEND_MN(name) zim_##name
                       ^
/usr/include/php5/Zend/zend_API.h:67:41: note: in definition of macro 'ZEND_NAMED_FUNCTION'
 #define ZEND_NAMED_FUNCTION(name)  void name(INTERNAL_FUNCTION_PARAMETERS)
                                         ^
/usr/include/php5/Zend/zend_API.h:69:58: note: in expansion of macro 'ZEND_MN'
 #define ZEND_METHOD(classname, name) ZEND_NAMED_FUNCTION(ZEND_MN(classname##_##name))
                                                          ^
/usr/include/php5/main/php.h:351:24: note: in expansion of macro 'ZEND_METHOD'
 #define PHP_METHOD     ZEND_METHOD
                        ^
./php_kafka.h:47:8: note: in expansion of macro 'PHP_METHOD'
 static PHP_METHOD(Kafka, produce);
        ^
/usr/include/php5/Zend/zend_API.h:66:23: warning: 'zim_Kafka_consume' declared 'static' but never defined [-Wunused-function]
 #define ZEND_MN(name) zim_##name
                       ^
/usr/include/php5/Zend/zend_API.h:67:41: note: in definition of macro 'ZEND_NAMED_FUNCTION'
 #define ZEND_NAMED_FUNCTION(name)  void name(INTERNAL_FUNCTION_PARAMETERS)
                                         ^
/usr/include/php5/Zend/zend_API.h:69:58: note: in expansion of macro 'ZEND_MN'
 #define ZEND_METHOD(classname, name) ZEND_NAMED_FUNCTION(ZEND_MN(classname##_##name))
                                                          ^
/usr/include/php5/main/php.h:351:24: note: in expansion of macro 'ZEND_METHOD'
 #define PHP_METHOD     ZEND_METHOD
                        ^
./php_kafka.h:48:8: note: in expansion of macro 'PHP_METHOD'
 static PHP_METHOD(Kafka, consume);
        ^
/bin/bash /home/vagrant/phpkafka/libtool --mode=link cc -DPHP_ATOM_INC -I/home/vagrant/phpkafka/include -I/home/vagrant/phpkafka/main -I/home/vagrant/phpkafka -I/usr/include/php5 -I/usr/include/php5/main -I/usr/include/php5/TSRM -I/usr/include/php5/Zend -I/usr/include/php5/ext -I/usr/include/php5/ext/date/lib  -DHAVE_CONFIG_H  -Wall -Wextra -Wdeclaration-after-statement -Wmissing-field-initializers -Wshadow -Wno-unused-parameter -ggdb3  -lrdkafka -o kafka.la -export-dynamic -avoid-version -prefer-pic -module -rpath /home/vagrant/phpkafka/modules  php_kafka.lo kafka.lo 
libtool: link: cc -shared  -fPIC -DPIC  .libs/php_kafka.o .libs/kafka.o   -lrdkafka    -Wl,-soname -Wl,kafka.so -o .libs/kafka.so
libtool: link: ( cd ".libs" && rm -f "kafka.la" && ln -s "../kafka.la" "kafka.la" )
/bin/bash /home/vagrant/phpkafka/libtool --mode=install cp ./kafka.la /home/vagrant/phpkafka/modules
libtool: install: cp ./.libs/kafka.so /home/vagrant/phpkafka/modules/kafka.so
libtool: install: cp ./.libs/kafka.lai /home/vagrant/phpkafka/modules/kafka.la
libtool: finish: PATH="/usr/local/sbin:/usr/local/bin:/usr/sbin:/usr/bin:/sbin:/bin:/usr/games:/opt/ruby/bin/:/sbin" ldconfig -n /home/vagrant/phpkafka/modules
----------------------------------------------------------------------
Libraries have been installed in:
   /home/vagrant/phpkafka/modules

If you ever happen to want to link against installed libraries
in a given directory, LIBDIR, you must either use libtool, and
specify the full pathname of the library, or use the `-LLIBDIR'
flag during linking and do at least one of the following:
   - add LIBDIR to the `LD_LIBRARY_PATH' environment variable
     during execution
   - add LIBDIR to the `LD_RUN_PATH' environment variable
     during linking
   - use the `-Wl,-rpath -Wl,LIBDIR' linker flag
   - have your system administrator add LIBDIR to `/etc/ld.so.conf'

See any operating system documentation about shared libraries for
more information, such as the ld(1) and ld.so(8) manual pages.
----------------------------------------------------------------------

Build complete.
Don't forget to run 'make test'.

